2022-08-01T17:33:10.076Z - [INFO   ] - Request Type: POST Path:/api/users/profile
2022-08-01T17:33:10.083Z - [ERROR  ] - {}
2022-08-01T17:33:56.874Z - [INFO   ] - Request Type: POST Path:/api/users/profile
2022-08-01T17:33:56.900Z - [ERROR  ] - {}
2022-08-01T18:50:08.729Z - [INFO   ] - Request Type: POST Path:/api/users/gen-otp
2022-08-01T18:50:24.057Z - [ERROR  ] - Protocol "http:" not supported. Expected "https:"
2022-08-01T18:51:33.350Z - [INFO   ] - Request Type: POST Path:/api/users/gen-otp
2022-08-01T18:52:46.655Z - [INFO   ] - Request Type: POST Path:/api/users/signup
2022-08-01T18:53:01.687Z - [INFO   ] - Request Type: POST Path:/api/users/login
2022-08-01T18:55:25.482Z - [INFO   ] - Request Type: GET Path:/api/users/getProfile/29
2022-08-01T18:55:38.795Z - [INFO   ] - Request Type: PUT Path:/api/users/updateProfile/29
2022-08-02T04:48:48.445Z - [INFO   ] - Request Type: POST Path:/api/users/gen-otp
2022-08-02T04:54:39.781Z - [INFO   ] - Request Type: POST Path:/api/users/signup
2022-08-02T04:54:39.906Z - [ERROR  ] - {}
2022-08-02T04:55:01.246Z - [INFO   ] - Request Type: POST Path:/api/users/signup
2022-08-02T04:55:15.809Z - [INFO   ] - Request Type: POST Path:/api/users/login
2022-08-02T05:01:35.711Z - [INFO   ] - Request Type: GET Path:/api/users/getProfile/29
2022-08-02T05:03:15.568Z - [INFO   ] - Request Type: GET Path:/api/users/get-food-category
2022-08-02T05:04:50.921Z - [INFO   ] - Request Type: GET Path:/api/users/get-most-viewed/
2022-08-02T05:11:12.673Z - [INFO   ] - Request Type: GET Path:/api/users/get-most-viewed/
2022-08-02T05:11:31.915Z - [INFO   ] - Request Type: GET Path:/api/users/get-featured-cafe
2022-08-02T05:11:31.966Z - [ERROR  ] - select `cafe_list`.`id`, `cafe_list`.`name`, `cafe_list`.`city`, `cafe_details`.`rating`, `cafe_details`.`logo_image_id`, `cafe_details`.`is_featured`, `cafe_details`.`price_range`, `cafe_details`.`open_closing_Time` from `cafe_list` as `cafe_list` inner join `cafe_details` as `cafe_details` on `cafe_list`.`id` = `cafe_details`.`cafe_list_id` - ER_BAD_FIELD_ERROR: Unknown column 'cafe_details.open_closing_Time' in 'field list'
2022-08-02T05:14:56.275Z - [INFO   ] - Request Type: POST Path:/api/users/profile
2022-08-02T05:14:56.279Z - [ERROR  ] - email is not defined
2022-08-02T05:21:59.905Z - [INFO   ] - Request Type: POST Path:/api/users/profile
2022-08-02T05:21:59.908Z - [ERROR  ] - email is not defined
2022-08-02T05:23:13.675Z - [INFO   ] - Request Type: POST Path:/api/users/profile
2022-08-02T05:23:13.689Z - [ERROR  ] - email is not defined
2022-08-02T05:28:56.965Z - [INFO   ] - Request Type: POST Path:/api/users/profile
2022-08-02T05:28:56.981Z - [ERROR  ] - email is not defined
2022-08-02T05:31:20.284Z - [INFO   ] - Request Type: POST Path:/api/users/profile
2022-08-02T05:31:20.295Z - [ERROR  ] - email is not defined
2022-08-02T05:33:27.315Z - [INFO   ] - Request Type: POST Path:/api/users/profile
2022-08-02T05:33:42.448Z - [ERROR  ] - user alreary exist in the database
2022-08-02T05:33:59.473Z - [INFO   ] - Request Type: POST Path:/api/users/profile
2022-08-02T05:33:59.588Z - [ERROR  ] - insert into `user_customer_profile` (`city`, `first_name`, `last_name`, `user_customer_id`) values ('icchoda', 'saroja', 'Rathod', 2) - ER_NO_DEFAULT_FOR_FIELD: Field 'profile_pic_image_id' doesn't have a default value
2022-08-02T05:46:13.585Z - [INFO   ] - Request Type: POST Path:/api/users/profile
2022-08-02T05:46:13.596Z - [ERROR  ] - {}
2022-08-02T05:46:44.931Z - [INFO   ] - Request Type: POST Path:/api/users/profile
2022-08-02T05:46:54.910Z - [ERROR  ] - insert into `user_customer_profile` (`city`, `first_name`, `last_name`, `user_customer_id`) values ('icchoda', 'saroja', 'Rathod', 2) - ER_NO_DEFAULT_FOR_FIELD: Field 'profile_pic_image_id' doesn't have a default value
2022-08-02T05:48:04.221Z - [INFO   ] - Request Type: POST Path:/api/users/profile
2022-08-02T05:48:06.056Z - [ERROR  ] - insert into `user_customer_profile` (`city`, `first_name`, `last_name`, `user_customer_id`) values ('icchoda', 'saroja', 'Rathod', 2) - ER_NO_DEFAULT_FOR_FIELD: Field 'profile_pic_image_id' doesn't have a default value
2022-08-02T05:48:50.623Z - [INFO   ] - Request Type: POST Path:/api/users/profile
2022-08-02T05:48:50.693Z - [ERROR  ] - insert into `user_customer_profile` (`city`, `first_name`, `last_name`, `user_customer_id`) values ('icchoda', 'saroja', 'Rathod', 2) - ER_NO_REFERENCED_ROW_2: Cannot add or update a child row: a foreign key constraint fails (`db-stag-v3`.`user_customer_profile`, CONSTRAINT `user_customer_profile_ibfk_1` FOREIGN KEY (`user_customer_id`) REFERENCES `user_customer` (`id`) ON DELETE NO ACTION ON UPDATE NO ACTION)
2022-08-02T05:52:27.295Z - [INFO   ] - Request Type: POST Path:/api/users/profile
2022-08-02T05:53:38.143Z - [INFO   ] - Request Type: POST Path:/api/users/profile
2022-08-02T05:54:49.839Z - [INFO   ] - Request Type: POST Path:/api/users/profile
2022-08-02T05:59:07.695Z - [INFO   ] - Request Type: POST Path:/api/users/profile
2022-08-02T05:59:07.699Z - [ERROR  ] - {}
2022-08-02T05:59:53.833Z - [INFO   ] - Request Type: POST Path:/api/users/profile
2022-08-02T06:15:36.605Z - [INFO   ] - Request Type: POST Path:/api/users/profile
2022-08-02T06:16:55.369Z - [INFO   ] - Request Type: POST Path:/api/users/profile
2022-08-02T06:17:38.416Z - [INFO   ] - Request Type: POST Path:/api/users/profile
2022-08-02T06:17:38.451Z - [ERROR  ] - user alreary exist in the database
2022-08-02T06:17:47.617Z - [INFO   ] - Request Type: POST Path:/api/users/profile
2022-08-02T06:18:42.167Z - [INFO   ] - Request Type: POST Path:/api/users/profile
2022-08-02T06:19:07.378Z - [INFO   ] - Request Type: POST Path:/api/users/profile
2022-08-02T06:19:36.108Z - [INFO   ] - Request Type: POST Path:/api/users/profile
2022-08-02T06:19:45.017Z - [INFO   ] - Request Type: POST Path:/api/users/profile
2022-08-02T06:19:45.800Z - [ERROR  ] - user alreary exist in the database
2022-08-02T06:21:12.176Z - [INFO   ] - Request Type: POST Path:/api/users/profile
2022-08-02T08:29:45.771Z - [INFO   ] - Request Type: GET Path:/api/users/get-most-viewed/
2022-08-02T09:59:23.463Z - [INFO   ] - Request Type: GET Path:/api/users/get-most-viewed/
2022-08-02T09:59:23.472Z - [ERROR  ] - is_most_visited is not defined
2022-08-02T10:00:53.421Z - [INFO   ] - Request Type: GET Path:/api/users/get-most-viewed/
2022-08-02T10:00:59.782Z - [ERROR  ] - The operator "undefined" is not permitted
2022-08-02T10:05:25.279Z - [INFO   ] - Request Type: GET Path:/api/users/get-most-viewed/
2022-08-02T10:06:36.061Z - [INFO   ] - Request Type: GET Path:/api/users/get-most-viewed/
2022-08-02T10:11:49.397Z - [INFO   ] - Request Type: GET Path:/api/users/get-cafe-details
2022-08-02T10:12:04.362Z - [ERROR  ] - select `cafe_list`.`id`, `cafe_list`.`name`, `cafe_list`.`city`, `cafe_details`.`rating`, `cafe_details`.`logo_image_id`, `cafe_details`.`open_closing_Time`, `cafe_details`.`price_range`, `cafe_contact_data`.`timeToReach`, `cafe_contact_data`.`aboutus` from `cafe_list` as `cafe_list` inner join `cafe_details` as `cafe_details` on `cafe_list`.`id` = `cafe_details`.`cafe_list_id` inner join `cafe_contact_data` as `cafe_contact_data` on `cafe_list`.`id` = `cafe_contact_data`.`cafe_list_id` - ER_BAD_FIELD_ERROR: Unknown column 'cafe_details.open_closing_Time' in 'field list'
2022-08-02T10:13:06.744Z - [INFO   ] - Request Type: GET Path:/api/users/get-most-viewed
2022-08-02T10:26:30.929Z - [INFO   ] - Request Type: GET Path:/api/users/get-newly-res/
2022-08-02T10:26:40.241Z - [INFO   ] - Request Type: GET Path:/api/users/get-newly-res/
2022-08-02T10:26:40.825Z - [ERROR  ] - select `cafe_list`.`id`, `cafe_list`.`name`, `cafe_list`.`city`, `cafe_details`.`logo_image_id`, `cafe_details`.`is_new_opening` from `cafe_details` as `cafe_list` inner join `cafe_list` as `cafe_list` on `cafe_details`.`cafe_list_id` = `cafe_list`.`id` where `is_new_opening` = 1 - ER_NONUNIQ_TABLE: Not unique table/alias: 'cafe_list'
2022-08-02T10:26:40.922Z - [ERROR  ] - select `cafe_list`.`id`, `cafe_list`.`name`, `cafe_list`.`city`, `cafe_details`.`logo_image_id`, `cafe_details`.`is_new_opening` from `cafe_details` as `cafe_list` inner join `cafe_list` as `cafe_list` on `cafe_details`.`cafe_list_id` = `cafe_list`.`id` where `is_new_opening` = 1 - ER_NONUNIQ_TABLE: Not unique table/alias: 'cafe_list'
2022-08-02T10:31:58.053Z - [INFO   ] - Request Type: GET Path:/api/users/get-newly-res/
2022-08-02T10:32:07.911Z - [ERROR  ] - select `c`.`id`, `c`.`name`, `c`.`city`, `cafe_details`.`logo_image_id`, `cafe_details`.`is_new_opening` from `cafe_details` as `cafe_list` inner join `cafe_list` as `c` on `cafe_details`.`cafe_list_id` = `c`.`id` where `is_new_opening` = 1 - ER_BAD_FIELD_ERROR: Unknown column 'cafe_details.logo_image_id' in 'field list'
2022-08-02T10:33:08.505Z - [INFO   ] - Request Type: GET Path:/api/users/get-newly-res/
2022-08-02T10:37:15.189Z - [INFO   ] - Request Type: GET Path:/api/users/get-cafe-details
2022-08-02T10:37:15.220Z - [ERROR  ] - select `cafe_list`.`id`, `cafe_list`.`name`, `cafe_list`.`city`, `cafe_details`.`rating`, `cafe_details`.`logo_image_id`, `cafe_details`.`open_closing_Time`, `cafe_details`.`price_range`, `cafe_contact_data`.`timeToReach`, `cafe_contact_data`.`aboutus` from `cafe_list` as `cafe_list` inner join `cafe_details` as `cafe_details` on `cafe_list`.`id` = `cafe_details`.`cafe_list_id` inner join `cafe_contact_data` as `cafe_contact_data` on `cafe_list`.`id` = `cafe_contact_data`.`cafe_list_id` - ER_BAD_FIELD_ERROR: Unknown column 'cafe_details.open_closing_Time' in 'field list'
2022-08-02T10:37:47.108Z - [INFO   ] - Request Type: GET Path:/api/users/get-newly-res
2022-08-02T10:46:09.330Z - [INFO   ] - Request Type: GET Path:/api/users/get-cafe-details/
2022-08-02T10:54:59.036Z - [INFO   ] - Request Type: GET Path:/api/users/get-featured-cafe
2022-08-02T10:55:08.939Z - [ERROR  ] - select `cafe_list`.`id`, `cafe_list`.`name`, `cafe_list`.`city`, `cafe_details`.`rating`, `cafe_details`.`logo_image_id`, `cafe_details`.`is_featured`, `cafe_details`.`price_range`, `cafe_details`.`open_closing_Time` from `cafe_list` as `cafe_list` inner join `cafe_details` as `cafe_details` on `cafe_list`.`id` = `cafe_details`.`cafe_list_id` - ER_BAD_FIELD_ERROR: Unknown column 'cafe_details.open_closing_Time' in 'field list'
2022-08-02T10:57:17.847Z - [INFO   ] - Request Type: GET Path:/api/users/get-featured-cafe
2022-08-02T10:57:17.854Z - [ERROR  ] - {}
2022-08-02T10:57:42.924Z - [INFO   ] - Request Type: GET Path:/api/users/get-featured-cafe
2022-08-03T06:21:41.941Z - [INFO   ] - Request Type: GET Path:/api/users/get-newly-res/
2022-08-03T06:22:56.075Z - [INFO   ] - Request Type: GET Path:/api/users/get-newly-res/
2022-08-03T06:46:01.953Z - [INFO   ] - Request Type: GET Path:/api/users/get-most-ordered-items
2022-08-03T06:48:22.115Z - [INFO   ] - Request Type: GET Path:/api/users/get-most-ordered-items
2022-08-03T06:57:27.214Z - [INFO   ] - Request Type: GET Path:/api/users/get-cafe-images/1
2022-08-03T07:00:30.216Z - [INFO   ] - Request Type: GET Path:/api/users/get-cafe-images/1
2022-08-03T07:01:08.795Z - [INFO   ] - Request Type: GET Path:/api/users/get-cafe-images/1
2022-08-03T11:53:52.883Z - [INFO   ] - Request Type: GET Path:/api/users/get-cafe-details
2022-08-03T12:10:53.354Z - [INFO   ] - Request Type: GET Path:/api/users/get-cafe-details
2022-08-03T12:18:02.045Z - [INFO   ] - Request Type: GET Path:/api/users/get-cafe-details
2022-08-03T12:31:48.554Z - [INFO   ] - Request Type: GET Path:/api/users/get-cafe-details
2022-08-03T12:31:48.564Z - [ERROR  ] - {}
2022-08-03T12:32:35.920Z - [INFO   ] - Request Type: GET Path:/api/users/get-cafe-details
2022-08-03T12:51:15.047Z - [INFO   ] - Request Type: GET Path:/api/users/get-cafe-images/%7Bcafe_id%7D
2022-08-03T12:51:15.055Z - [ERROR  ] - {}
2022-08-03T12:52:00.945Z - [INFO   ] - Request Type: GET Path:/api/users/get-cafe-images/%7Bcafe_id%7D
2022-08-03T12:52:23.085Z - [INFO   ] - Request Type: GET Path:/api/users/get-cafe-images/%7Bcafe_id%7D
2022-08-03T12:52:26.297Z - [INFO   ] - Request Type: GET Path:/api/users/get-cafe-images/%7Bcafe_id%7D
2022-08-03T12:53:17.248Z - [INFO   ] - Request Type: GET Path:/api/users/get-cafe-images/%7Bcafe_id%7D
2022-08-03T13:24:06.658Z - [INFO   ] - Request Type: GET Path:/api/users/get-cafe-images/%7Bcafe_id%7D
2022-08-03T13:33:27.921Z - [INFO   ] - Request Type: GET Path:/api/users/get-cafe-images/%7Bcafe_id%7D
2022-08-03T13:33:29.525Z - [INFO   ] - Request Type: GET Path:/api/users/get-cafe-images/%7Bcafe_id%7D
2022-08-03T13:41:30.104Z - [INFO   ] - Request Type: GET Path:/api/users/get-cafe-images/%7Bcafe_id%7D
2022-08-03T13:42:08.489Z - [INFO   ] - Request Type: GET Path:/api/users/get-cafe-images/1
2022-08-03T13:45:43.166Z - [INFO   ] - Request Type: GET Path:/api/users/getProfile/1
2022-08-03T13:46:59.769Z - [INFO   ] - Request Type: GET Path:/api/users/get-cafe-images/%7Bcafe_id%7D
2022-08-03T13:47:05.638Z - [INFO   ] - Request Type: GET Path:/api/users/get-cafe-images/%7Bcafe_id%7D
2022-08-03T13:51:07.590Z - [INFO   ] - Request Type: GET Path:/api/users/get-cafe-images/%7Bcafe_id%7D
2022-08-03T13:51:08.958Z - [INFO   ] - Request Type: GET Path:/api/users/get-cafe-images/%7Bcafe_id%7D
2022-08-03T13:51:46.933Z - [INFO   ] - Request Type: GET Path:/api/users/get-cafe-images/2
2022-08-03T14:07:25.339Z - [INFO   ] - Request Type: GET Path:/api/users/get-cafe-images/%7Bcafe_id%7D
2022-08-03T14:09:47.257Z - [INFO   ] - Request Type: GET Path:/api/users/get-cafe-images/%7Bcafe_id%7D
2022-08-03T14:12:46.856Z - [INFO   ] - Request Type: GET Path:/api/users/get-cafe-images/%7Bcafe_id%7D
2022-08-03T14:17:36.814Z - [INFO   ] - Request Type: PUT Path:/api/users/get-cafe-images/%7Bcafe_id%7D
2022-08-03T14:18:39.427Z - [INFO   ] - Request Type: GET Path:/api/users/get-cafe-images/%7Bcafe_id%7D
2022-08-03T14:20:18.804Z - [INFO   ] - Request Type: GET Path:/api/users/get-cafe-images/2
2022-08-03T14:23:17.461Z - [INFO   ] - Request Type: GET Path:/api/users/get-cafe-images/%7Bcafe_id%7D
2022-08-03T14:25:05.027Z - [INFO   ] - Request Type: GET Path:/api/users/get-cafe-images/%7Bcafe_id%7D
2022-08-03T14:25:05.035Z - [ERROR  ] - {}
2022-08-03T14:25:28.458Z - [INFO   ] - Request Type: GET Path:/api/users/get-cafe-images/%7Bcafe_id%7D
2022-08-03T14:28:50.513Z - [INFO   ] - Request Type: GET Path:/api/users/get-newly-res
2022-08-03T14:30:39.102Z - [INFO   ] - Request Type: GET Path:/api/users/get-most-ordered-items
2022-08-03T14:32:13.732Z - [INFO   ] - Request Type: GET Path:/api/users/get-cafe-details
2022-08-03T14:40:18.508Z - [INFO   ] - Request Type: GET Path:/api/users/get-cafe-images/2
2022-08-03T14:40:18.514Z - [ERROR  ] - {}
2022-08-03T14:41:06.618Z - [INFO   ] - Request Type: GET Path:/api/users/get-cafe-images/2
2022-08-04T04:50:54.372Z - [INFO   ] - Request Type: POST Path:/api/users/profile
2022-08-04T04:51:00.641Z - [ERROR  ] - user alreary exist in the database
2022-08-04T04:51:15.320Z - [INFO   ] - Request Type: POST Path:/api/users/profile
2022-08-04T05:02:34.751Z - [INFO   ] - Request Type: GET Path:/api/users/get-featured-cafe
2022-08-04T05:04:25.766Z - [INFO   ] - Request Type: GET Path:/api/users/get-featured-cafe
2022-08-04T10:17:51.089Z - [INFO   ] - Request Type: GET Path:/api/users/get-food-items/1
2022-08-04T10:28:18.063Z - [INFO   ] - Request Type: GET Path:/api/users/get-food-items/1
2022-08-04T10:33:01.876Z - [INFO   ] - Request Type: GET Path:/api/users/get-food-items/1
2022-08-04T10:34:07.585Z - [INFO   ] - Request Type: GET Path:/api/users/get-food-items/1
2022-08-04T10:35:03.373Z - [INFO   ] - Request Type: GET Path:/api/users/get-food-items/1
2022-08-04T10:40:23.537Z - [INFO   ] - Request Type: GET Path:/api/users/get-food-items/1
2022-08-04T10:41:53.586Z - [INFO   ] - Request Type: GET Path:/api/users/get-food-items/1
2022-08-04T10:42:54.510Z - [INFO   ] - Request Type: GET Path:/api/users/get-food-items/1
2022-08-04T10:56:02.243Z - [INFO   ] - Request Type: GET Path:/api/users/get-food-items/1
2022-08-04T10:57:54.490Z - [INFO   ] - Request Type: GET Path:/api/users/get-food-items/1
2022-08-04T10:59:43.192Z - [INFO   ] - Request Type: GET Path:/api/users/get-food-items/1
2022-08-04T11:09:22.207Z - [INFO   ] - Request Type: GET Path:/api/users/get-food-items/1
2022-08-04T11:10:15.328Z - [INFO   ] - Request Type: GET Path:/api/users/get-food-items/1
2022-08-04T11:11:04.991Z - [INFO   ] - Request Type: GET Path:/api/users/get-food-items/2
2022-08-04T11:15:20.645Z - [INFO   ] - Request Type: GET Path:/api/users/get-food-items/2
2022-08-04T11:16:38.191Z - [INFO   ] - Request Type: GET Path:/api/users/get-food-items/2
2022-08-04T11:17:40.276Z - [INFO   ] - Request Type: GET Path:/api/users/get-food-items/2
2022-08-04T11:18:26.082Z - [INFO   ] - Request Type: GET Path:/api/users/get-food-items/2
2022-08-04T11:19:13.084Z - [INFO   ] - Request Type: GET Path:/api/users/get-food-items/2
2022-08-04T11:23:12.124Z - [INFO   ] - Request Type: GET Path:/api/users/get-food-items/2
2022-08-04T11:23:22.203Z - [ERROR  ] - The table dont have any data
2022-08-04T11:25:00.524Z - [INFO   ] - Request Type: GET Path:/api/users/get-food-items/1
2022-08-04T12:07:14.934Z - [INFO   ] - Request Type: GET Path:/api/users/get-food-items/1
2022-08-04T12:09:02.222Z - [INFO   ] - Request Type: GET Path:/api/users/get-cafe-review/1
2022-08-04T12:09:02.258Z - [ERROR  ] - select `o_r`.`experience_rating`, `o_r`.`review_description`, `u_c_p`.`first_name`, `u_c_p`.`last_name`, `u_c_p`.`city`, `u_c_p`.`age`, `u_c_p`.`profile_pic_image_id` from `order_review` as `o_r` inner join `user_customer_profile ad u_c_p` on `u_c_p`.`user_customer_id` = `o_r`.`user_customer_id` where `id` = '1' - ER_NO_SUCH_TABLE: Table 'db-stag-v3.user_customer_profile ad u_c_p' doesn't exist
2022-08-04T12:09:53.208Z - [INFO   ] - Request Type: GET Path:/api/users/get-cafe-review/1
2022-08-04T12:10:03.190Z - [ERROR  ] - select `o_r`.`experience_rating`, `o_r`.`review_description`, `u_c_p`.`first_name`, `u_c_p`.`last_name`, `u_c_p`.`city`, `u_c_p`.`age`, `u_c_p`.`profile_pic_image_id` from `order_review` as `o_r` inner join `user_customer_profile ad u_c_p` on `u_c_p`.`user_customer_id` = `o_r`.`user_customer_id` where `id` = '1' - ER_NO_SUCH_TABLE: Table 'db-stag-v3.user_customer_profile ad u_c_p' doesn't exist
2022-08-04T12:10:46.113Z - [INFO   ] - Request Type: GET Path:/api/users/get-cafe-review/1
2022-08-04T12:10:49.925Z - [ERROR  ] - select `o_r`.`experience_rating`, `o_r`.`review_description`, `u_c_p`.`first_name`, `u_c_p`.`last_name`, `u_c_p`.`city`, `u_c_p`.`age`, `u_c_p`.`profile_pic_image_id` from `order_review` as `o_r` inner join `user_customer_profile` as `u_c_p` on `u_c_p`.`user_customer_id` = `o_r`.`user_customer_id` where `id` = '1' - ER_NON_UNIQ_ERROR: Column 'id' in where clause is ambiguous
2022-08-04T12:20:24.435Z - [INFO   ] - Request Type: GET Path:/api/users/get-cafe-review/1
2022-08-04T12:21:37.104Z - [INFO   ] - Request Type: GET Path:/api/users/get-cafe-review/1
2022-08-04T12:21:47.197Z - [ERROR  ] - select `o_r`.`experience_rating`, `o_r`.`review_description`, `u_c_p`.`first_name`, `u_c_p`.`last_name`, `u_c_p`.`city`, `u_c_p`.`age`, `u_c_p`.`profile_pic_image_id` from `order_review` as `o_r` inner join `user_customer_profile` as `u_c_p` on `u_c_p`.`user_customer_id` = `o_r`.`user_customer_id` where `id` = '1' - ER_NON_UNIQ_ERROR: Column 'id' in where clause is ambiguous
2022-08-04T12:27:31.725Z - [INFO   ] - Request Type: GET Path:/api/users/get-cafe-review/1
2022-08-04T12:27:41.815Z - [ERROR  ] - connect ETIMEDOUT
2022-08-04T12:30:40.090Z - [INFO   ] - Request Type: GET Path:/api/users/get-cafe-review/1
2022-08-04T12:30:53.133Z - [ERROR  ] - select `o_r`.`experience_rating`, `o_r`.`review_description`, `u_c_p`.`first_name`, `u_c_p`.`last_name`, `u_c_p`.`city`, `u_c_p`.`age`, `u_c_p`.`profile_pic_image_id` from `order_review` as `o_r` inner join `user_customer_profile` as `u_c_p` on `u_c_p`.`user_customer_id` = `o_r`.`user_customer_id` where `id` = '1' - ER_NON_UNIQ_ERROR: Column 'id' in where clause is ambiguous
2022-08-04T12:41:44.444Z - [INFO   ] - Request Type: GET Path:/api/users/get-food-items/%7Bcategory_id%7D
2022-08-04T12:41:44.764Z - [ERROR  ] - The table dont have any data
2022-08-04T12:43:47.622Z - [INFO   ] - Request Type: GET Path:/api/users/get-food-items/%7Bcategory_id%7D
2022-08-04T12:43:47.677Z - [ERROR  ] - The table dont have any data
2022-08-04T12:44:23.368Z - [INFO   ] - Request Type: GET Path:/api/users/get-food-items/1
2022-08-04T12:45:56.316Z - [INFO   ] - Request Type: GET Path:/api/users/get-food-items/2
2022-08-04T12:45:56.370Z - [ERROR  ] - The table dont have any data
2022-08-04T12:46:42.557Z - [INFO   ] - Request Type: GET Path:/api/users/get-food-items/%7Bcategory_id%7D
2022-08-04T12:46:42.594Z - [ERROR  ] - The table dont have any data
2022-08-04T12:46:55.643Z - [INFO   ] - Request Type: GET Path:/api/users/get-food-items/%7Bcategory_id%7D
2022-08-04T12:46:56.095Z - [ERROR  ] - The table dont have any data
2022-08-04T13:01:22.016Z - [INFO   ] - Request Type: GET Path:/api/users/get-food-items/1
2022-08-04T13:01:22.028Z - [ERROR  ] - {}
2022-08-04T13:01:56.377Z - [INFO   ] - Request Type: GET Path:/api/users/get-food-items/1
2022-08-04T14:06:46.051Z - [INFO   ] - Request Type: GET Path:/api/users/get-food-items/2
2022-08-04T14:06:55.999Z - [ERROR  ] - The table dont have any data
2022-08-04T14:07:11.764Z - [INFO   ] - Request Type: GET Path:/api/users/get-food-items/1
2022-08-04T14:08:09.411Z - [INFO   ] - Request Type: GET Path:/api/users/get-food-items/1
2022-08-04T14:08:49.590Z - [INFO   ] - Request Type: GET Path:/api/users/get-food-items/2
2022-08-04T14:08:49.627Z - [ERROR  ] - The table dont have any data
2022-08-04T14:11:23.097Z - [INFO   ] - Request Type: GET Path:/api/users/get-cafe-review/1
2022-08-04T14:11:23.176Z - [ERROR  ] - select `o_r`.`experience_rating`, `o_r`.`review_description`, `u_c_p`.`first_name`, `u_c_p`.`last_name`, `u_c_p`.`city`, `u_c_p`.`age`, `u_c_p`.`profile_pic_image_id` from `order_review` as `o_r` inner join `user_customer_profile` as `u_c_p` on `u_c_p`.`user_customer_id` = `o_r`.`user_customer_id` where `id` = '1' - ER_NON_UNIQ_ERROR: Column 'id' in where clause is ambiguous
2022-08-04T15:08:54.704Z - [INFO   ] - Request Type: GET Path:/api/users/get-cafe-review/1
2022-08-04T15:09:05.339Z - [ERROR  ] - select `o_r`.`experience_rating`, `o_r`.`review_description`, `u_c_p`.`first_name`, `u_c_p`.`last_name`, `u_c_p`.`city`, `u_c_p`.`age`, `u_c_p`.`profile_pic_image_id` from `order_review` as `o_r` inner join `user_customer_profile` as `u_c_p` on `u_c_p`.`user_customer_id` = `o_r`.`user_customer_id` where `id` = '1' - ER_NON_UNIQ_ERROR: Column 'id' in where clause is ambiguous
2022-08-04T15:50:48.531Z - [INFO   ] - Request Type: GET Path:/api/users/get-cafe-review/1
2022-08-04T15:55:10.262Z - [INFO   ] - Request Type: GET Path:/api/users/get-cafe-review/1
2022-08-04T15:55:25.822Z - [INFO   ] - Request Type: GET Path:/api/users/get-cafe-review/1
2022-08-04T17:32:53.858Z - [INFO   ] - Request Type: GET Path:/api/users/get-food-items/1
2022-08-04T17:40:45.459Z - [INFO   ] - Request Type: GET Path:/api/users/get-food-items/1
2022-08-04T17:41:35.794Z - [INFO   ] - Request Type: GET Path:/api/users/get-food-items/1
2022-08-04T17:42:52.609Z - [INFO   ] - Request Type: GET Path:/api/users/get-food-items/1
2022-08-04T17:42:52.617Z - [ERROR  ] - {}
2022-08-04T17:43:35.283Z - [INFO   ] - Request Type: GET Path:/api/users/get-food-items/1
2022-08-04T18:00:09.993Z - [INFO   ] - Request Type: POST Path:/api/users/profile
2022-08-04T18:00:54.708Z - [INFO   ] - Request Type: POST Path:/api/users/profile
2022-08-04T18:01:06.715Z - [ERROR  ] - Cannot set headers after they are sent to the client
2022-08-04T18:03:36.170Z - [INFO   ] - Request Type: POST Path:/api/users/profile
2022-08-04T18:03:43.606Z - [ERROR  ] - Cannot set headers after they are sent to the client
2022-08-04T18:10:11.360Z - [INFO   ] - Request Type: POST Path:/api/users/profile
2022-08-04T18:10:20.686Z - [ERROR  ] - Cannot set headers after they are sent to the client
2022-08-04T18:12:34.833Z - [INFO   ] - Request Type: POST Path:/api/users/profile
2022-08-04T18:12:44.706Z - [ERROR  ] - user alreary exist in the database with same mobile number
2022-08-04T18:16:12.324Z - [INFO   ] - Request Type: POST Path:/api/users/profile
2022-08-04T18:16:12.334Z - [ERROR  ] - {}
2022-08-04T18:16:59.258Z - [INFO   ] - Request Type: POST Path:/api/users/profile
2022-08-04T18:17:09.353Z - [ERROR  ] - insert into `user_customer_profile` (`city`, `first_name`, `last_name`, `profile_pic_image_id`, `user_customer_id`) values ('Suryapet', 'Anusha', 'Nanabala', 'Anusha.png', 1) - ER_NO_REFERENCED_ROW_2: Cannot add or update a child row: a foreign key constraint fails (`db-stag-v3`.`user_customer_profile`, CONSTRAINT `user_customer_profile_ibfk_1` FOREIGN KEY (`user_customer_id`) REFERENCES `user_customer` (`id`) ON DELETE NO ACTION ON UPDATE NO ACTION)
2022-08-04T18:24:01.770Z - [INFO   ] - Request Type: POST Path:/api/users/profile
2022-08-04T18:24:13.722Z - [ERROR  ] - insert into `user_customer_profile` (`city`, `first_name`, `last_name`, `profile_pic_image_id`, `user_customer_id`) values ('Suryapeta', 'Anusha', 'Nanabala', 'anusha1.png', 1) - ER_NO_REFERENCED_ROW_2: Cannot add or update a child row: a foreign key constraint fails (`db-stag-v3`.`user_customer_profile`, CONSTRAINT `user_customer_profile_ibfk_1` FOREIGN KEY (`user_customer_id`) REFERENCES `user_customer` (`id`) ON DELETE NO ACTION ON UPDATE NO ACTION)
2022-08-04T18:29:22.004Z - [INFO   ] - Request Type: POST Path:/api/users/profile
2022-08-04T18:29:29.548Z - [ERROR  ] - insert into `user_customer_profile` (`city`, `first_name`, `last_name`, `profile_pic_image_id`, `user_customer_id`) values ('Suryapeta', 'Anusha', 'Nanabala', 'anusha1.png', 1) - ER_NO_REFERENCED_ROW_2: Cannot add or update a child row: a foreign key constraint fails (`db-stag-v3`.`user_customer_profile`, CONSTRAINT `user_customer_profile_ibfk_1` FOREIGN KEY (`user_customer_id`) REFERENCES `user_customer` (`id`) ON DELETE NO ACTION ON UPDATE NO ACTION)
2022-08-05T10:30:40.308Z - [INFO   ] - Request Type: GET Path:/api/users/check-order-status/1
2022-08-05T10:31:51.085Z - [INFO   ] - Request Type: GET Path:/api/users/check-order-status/2
2022-08-05T10:33:10.933Z - [INFO   ] - Request Type: GET Path:/api/users/check-order-status/2
2022-08-05T10:33:48.718Z - [INFO   ] - Request Type: GET Path:/api/users/check-order-status/2
2022-08-05T10:34:39.698Z - [INFO   ] - Request Type: GET Path:/api/users/check-order-status/:order_id
2022-08-05T10:34:49.981Z - [ERROR  ] - select * from `order_detail` as `order_detail` inner join `order_list` as `o_l` on `o_l`.`id` = `order_detail`.`id` where `id` = ':order_id' - ER_NON_UNIQ_ERROR: Column 'id' in where clause is ambiguous
2022-08-05T10:36:14.899Z - [INFO   ] - Request Type: GET Path:/api/users/check-order-status/:order_id
2022-08-05T10:36:39.483Z - [INFO   ] - Request Type: GET Path:/api/users/check-order-status/1
2022-08-05T10:36:58.343Z - [INFO   ] - Request Type: GET Path:/api/users/check-order-status/2
2022-08-05T10:50:21.116Z - [INFO   ] - Request Type: GET Path:/api/users/check-order-status/1
2022-08-05T12:12:48.020Z - [INFO   ] - Request Type: GET Path:/api/users/search
2022-08-05T12:13:38.848Z - [INFO   ] - Request Type: GET Path:/api/users/search
2022-08-05T12:14:20.538Z - [INFO   ] - Request Type: GET Path:/api/users/search
2022-08-05T15:29:45.960Z - [INFO   ] - Request Type: GET Path:/api/users/search
2022-08-05T15:30:19.636Z - [INFO   ] - Request Type: GET Path:/api/users/search
2022-08-05T15:30:30.205Z - [ERROR  ] - Cannot set headers after they are sent to the client
2022-08-05T15:30:58.627Z - [INFO   ] - Request Type: GET Path:/api/users/search
2022-08-08T03:28:26.555Z - [INFO   ] - Request Type: POST Path:/api/users/profile
2022-08-08T03:28:30.056Z - [ERROR  ] - Cannot set headers after they are sent to the client
2022-08-08T03:30:16.177Z - [INFO   ] - Request Type: POST Path:/api/users/profile
2022-08-08T03:38:35.080Z - [INFO   ] - Request Type: GET Path:/api/users/getProfile/3
2022-08-08T03:38:46.540Z - [INFO   ] - Request Type: GET Path:/api/users/get-food-category
2022-08-08T03:38:54.628Z - [INFO   ] - Request Type: GET Path:/api/users/get-food-items/1
2022-08-08T03:39:02.500Z - [INFO   ] - Request Type: GET Path:/api/users/get-most-viewed/
2022-08-08T03:39:12.456Z - [INFO   ] - Request Type: GET Path:/api/users/get-featured-cafe
2022-08-08T03:39:19.180Z - [INFO   ] - Request Type: GET Path:/api/users/get-newly-res/
2022-08-08T03:39:27.242Z - [INFO   ] - Request Type: GET Path:/api/users/get-most-ordered-items
2022-08-08T03:39:38.488Z - [INFO   ] - Request Type: GET Path:/api/users/get-cafe-review/1
2022-08-08T03:39:51.423Z - [INFO   ] - Request Type: GET Path:/api/users/get-cafe-details
2022-08-08T03:39:51.526Z - [ERROR  ] - select `menu_category`.`name`, `menu_category`.`category_image_id`, `menu_category`, `cafe_list` from `cafe_list` as `cafe_list` inner join `cafe_details` as `cafe_details` on `cafe_list`.`id` = `cafe_details`.`cafe_list_id` inner join `cafe_contact_data` as `cafe_contact_data` on `cafe_list`.`id` = `cafe_contact_data`.`cafe_list_id` - ER_BAD_FIELD_ERROR: Unknown column 'menu_category.name' in 'field list'
2022-08-08T03:40:16.868Z - [INFO   ] - Request Type: GET Path:/api/users/get-cafe-images/2
2022-08-08T03:40:31.066Z - [INFO   ] - Request Type: GET Path:/api/users/get-cafe-images/
2022-08-08T03:40:40.964Z - [INFO   ] - Request Type: GET Path:/api/users/get-cafe-details/
2022-08-08T03:40:40.993Z - [ERROR  ] - select `menu_category`.`name`, `menu_category`.`category_image_id`, `menu_category`, `cafe_list` from `cafe_list` as `cafe_list` inner join `cafe_details` as `cafe_details` on `cafe_list`.`id` = `cafe_details`.`cafe_list_id` inner join `cafe_contact_data` as `cafe_contact_data` on `cafe_list`.`id` = `cafe_contact_data`.`cafe_list_id` - ER_BAD_FIELD_ERROR: Unknown column 'menu_category.name' in 'field list'
2022-08-08T04:41:47.999Z - [INFO   ] - Request Type: GET Path:/api/users/get-cafe-details/
2022-08-08T04:44:43.620Z - [INFO   ] - Request Type: GET Path:/api/users/get-cafe-details/
2022-08-08T04:44:53.479Z - [ERROR  ] - select `menu_category`.`name`, `menu_category`.`category_image_id`, `menu_category`, `cafe_list` from `cafe_list` as `cafe_list` inner join `cafe_details` as `cafe_details` on `cafe_list`.`id` = `cafe_details`.`cafe_list_id` inner join `cafe_contact_data` as `cafe_contact_data` on `cafe_list`.`id` = `cafe_contact_data`.`cafe_list_id` - ER_BAD_FIELD_ERROR: Unknown column 'menu_category.name' in 'field list'
2022-08-08T04:48:09.280Z - [INFO   ] - Request Type: GET Path:/api/users/get-cafe-details/
2022-08-08T04:48:19.194Z - [ERROR  ] - select `menu_category`.`name`, `menu_category`.`category_image_id`, `menu_category`, `cafe_list` from `cafe_list` as `cafe_list` inner join `cafe_details` as `cafe_details` on `cafe_list`.`id` = `cafe_details`.`cafe_list_id` inner join `cafe_contact_data` as `cafe_contact_data` on `cafe_list`.`id` = `cafe_contact_data`.`cafe_list_id` - ER_BAD_FIELD_ERROR: Unknown column 'menu_category.name' in 'field list'
2022-08-08T04:50:13.684Z - [INFO   ] - Request Type: GET Path:/api/users/get-cafe-details/
2022-08-08T05:01:45.039Z - [INFO   ] - Request Type: GET Path:/api/users/get-cafe-details/details
2022-08-08T05:01:45.364Z - [ERROR  ] - select `menu_category`.`name`, `menu_category`.`category_image_id`, `menu_category`, `cafe_list` from `cafe_list` as `cafe_list` inner join `cafe_details` as `cafe_details` on `cafe_list`.`id` = `cafe_details`.`cafe_list_id` inner join `cafe_contact_data` as `cafe_contact_data` on `cafe_list`.`id` = `cafe_contact_data`.`cafe_list_id` - ER_BAD_FIELD_ERROR: Unknown column 'menu_category.name' in 'field list'
2022-08-08T05:17:29.210Z - [INFO   ] - Request Type: GET Path:/api/users/get-cafe-details/details
2022-08-08T06:51:41.358Z - [INFO   ] - Request Type: GET Path:/api/users/search
2022-08-08T06:52:45.968Z - [INFO   ] - Request Type: GET Path:/api/users/search
2022-08-08T06:59:19.005Z - [INFO   ] - Request Type: GET Path:/api/users/search
2022-08-08T07:01:46.476Z - [INFO   ] - Request Type: GET Path:/api/users/search
2022-08-08T07:01:59.482Z - [INFO   ] - Request Type: GET Path:/api/users/search
2022-08-08T07:03:49.615Z - [INFO   ] - Request Type: GET Path:/api/users/search
2022-08-08T07:07:21.423Z - [INFO   ] - Request Type: GET Path:/api/users/search
2022-08-08T07:28:40.816Z - [INFO   ] - Request Type: GET Path:/api/users/search
2022-08-08T07:37:27.420Z - [INFO   ] - Request Type: GET Path:/api/users/search
2022-08-08T07:39:56.431Z - [INFO   ] - Request Type: GET Path:/api/users/search
2022-08-08T07:40:35.428Z - [INFO   ] - Request Type: GET Path:/api/users/search
2022-08-08T07:41:21.504Z - [INFO   ] - Request Type: GET Path:/api/users/search
2022-08-08T08:44:56.684Z - [INFO   ] - Request Type: GET Path:/api/users/get-food-category
2022-08-08T08:45:40.665Z - [INFO   ] - Request Type: GET Path:/api/users/get-food-items/5
2022-08-08T08:45:40.719Z - [ERROR  ] - The table dont have any data
2022-08-08T08:46:02.334Z - [INFO   ] - Request Type: GET Path:/api/users/get-food-items/3
2022-08-08T08:46:02.378Z - [ERROR  ] - The table dont have any data
2022-08-08T08:46:08.277Z - [INFO   ] - Request Type: GET Path:/api/users/get-food-items/1
2022-08-08T08:48:08.471Z - [INFO   ] - Request Type: GET Path:/api/users/get-most-viewed/
2022-08-08T08:49:49.628Z - [INFO   ] - Request Type: GET Path:/api/users/get-newly-res/
2022-08-08T08:54:23.610Z - [INFO   ] - Request Type: GET Path:/api/users/get-featured-cafe
2022-08-08T08:56:24.130Z - [INFO   ] - Request Type: GET Path:/api/users/get-most-ordered-items
2022-08-08T08:57:42.582Z - [INFO   ] - Request Type: GET Path:/api/users/get-cafe-images/2
2022-08-08T09:22:21.367Z - [INFO   ] - Request Type: GET Path:/api/users/get-cafe-details/details
2022-08-08T09:23:09.431Z - [INFO   ] - Request Type: GET Path:/api/users/get-cafe-details/details/1
2022-08-08T09:23:25.983Z - [INFO   ] - Request Type: GET Path:/api/users/get-cafe-details/1
2022-08-08T09:26:22.672Z - [INFO   ] - Request Type: GET Path:/api/users/get-cafe-details/1
2022-08-08T09:26:32.588Z - [ERROR  ] - select `cafe_list`.`name`, `cafe_list`.`city`, `cafe_details`.`rating`, `cafe_details`.`price_range`, `cafe_details`.`opening_time`, `cafe_details`.`closing_time`, `cafe_details`.`waiting_time` from `cafe_list` as `cafe_list` inner join `cafe_details` as `cafe_details` on `cafe_list`.`id` = `cafe_details`.`cafe_list_id` inner join `cafe_contact_data` as `cafe_contact_data` on `cafe_list`.`id` = `cafe_contact_data`.`cafe_list_id` where `id` = '1' - ER_NON_UNIQ_ERROR: Column 'id' in where clause is ambiguous
2022-08-08T09:27:00.609Z - [INFO   ] - Request Type: GET Path:/api/users/get-cafe-details/1
2022-08-08T09:27:31.973Z - [INFO   ] - Request Type: GET Path:/api/users/get-cafe-details/1
2022-08-08T09:28:26.770Z - [INFO   ] - Request Type: GET Path:/api/users/get-cafe-details/1
2022-08-08T09:29:23.192Z - [INFO   ] - Request Type: GET Path:/api/users/get-cafe-details/1
2022-08-08T09:32:05.050Z - [INFO   ] - Request Type: GET Path:/api/users/get-cafe-details/1
2022-08-08T09:32:14.957Z - [ERROR  ] - select `cafe_list`.`name`, `cafe_list`.`city`, `cafe_details`.`rating`, `cafe_details`.`price_range`, `cafe_details`.`opening_time`, `cafe_details`.`closing_time`, `cafe_details`.`waiting_time` from `cafe_list` as `cafe_list` where `cafe_list`.`id` = '1' - ER_BAD_FIELD_ERROR: Unknown column 'cafe_details.rating' in 'field list'
2022-08-08T09:33:14.030Z - [INFO   ] - Request Type: GET Path:/api/users/get-cafe-details/1
2022-08-08T09:41:25.959Z - [INFO   ] - Request Type: GET Path:/api/users/get-cafe-details
2022-08-08T09:42:35.185Z - [INFO   ] - Request Type: GET Path:/api/users/get-cafe-details
2022-08-08T09:47:30.688Z - [INFO   ] - Request Type: GET Path:/api/users/get-food-category/
2022-08-08T09:50:09.998Z - [INFO   ] - Request Type: GET Path:/api/users/get-food-items/1
2022-08-08T09:54:52.804Z - [INFO   ] - Request Type: GET Path:/api/users/get-cafe-review/1
2022-08-08T09:56:35.873Z - [INFO   ] - Request Type: GET Path:/api/users/get-cafe-review/1
2022-08-08T09:57:35.601Z - [INFO   ] - Request Type: GET Path:/api/users/get-cafe-review/2
2022-08-08T09:57:41.706Z - [INFO   ] - Request Type: GET Path:/api/users/get-cafe-review/1
2022-08-08T10:04:25.060Z - [INFO   ] - Request Type: GET Path:/api/users/check-order-status/1
2022-08-08T10:11:15.210Z - [INFO   ] - Request Type: GET Path:/api/users/get-cafe-review/1
2022-08-08T10:11:32.423Z - [INFO   ] - Request Type: GET Path:/api/users/check-order-status/1
2022-08-08T10:14:01.608Z - [INFO   ] - Request Type: GET Path:/api/users/get-food-category/
2022-08-08T10:14:18.754Z - [INFO   ] - Request Type: GET Path:/api/users/get-food-items/1
2022-08-08T10:39:52.680Z - [INFO   ] - Request Type: GET Path:/api/users/get-cafe-details/1
2022-08-08T10:41:08.582Z - [INFO   ] - Request Type: GET Path:/api/users/get-cafe-details/1
2022-08-08T10:41:18.555Z - [ERROR  ] - select * from `cafe_details` as `cafe_details` inner join `cafe_list` as `cafe_list` on `cafe_details`.`cafe_list_id` = `cafe_list`.`id` where `id` = '1' - ER_NON_UNIQ_ERROR: Column 'id' in where clause is ambiguous
2022-08-08T10:41:43.200Z - [INFO   ] - Request Type: GET Path:/api/users/get-cafe-details/1
2022-08-08T10:42:27.756Z - [INFO   ] - Request Type: GET Path:/api/users/get-cafe-details/3
2022-08-08T11:02:13.119Z - [INFO   ] - Request Type: GET Path:/api/users/get-most-viewed
2022-08-08T11:04:51.643Z - [INFO   ] - Request Type: GET Path:/api/users/get-newly-res
2022-08-08T11:05:37.039Z - [INFO   ] - Request Type: GET Path:/api/users/get-featured-cafe
2022-08-08T11:06:04.242Z - [INFO   ] - Request Type: GET Path:/api/users/get-most-ordered-items
2022-08-08T11:06:45.726Z - [INFO   ] - Request Type: GET Path:/api/users/get-cafe-images/1
2022-08-08T11:07:01.365Z - [INFO   ] - Request Type: GET Path:/api/users/get-cafe-details/%7Bcafe_id%7D
2022-08-08T11:12:48.595Z - [INFO   ] - Request Type: GET Path:/api/users/get-cafe-details/1
2022-08-08T11:13:47.445Z - [INFO   ] - Request Type: POST Path:/api/users/gen-otp
2022-08-08T11:13:47.446Z - [ERROR  ] - {}
2022-08-08T11:14:13.973Z - [INFO   ] - Request Type: POST Path:/api/users/gen-otp
2022-08-08T11:16:45.038Z - [INFO   ] - Request Type: POST Path:/api/users/signup
2022-08-08T11:16:45.068Z - [ERROR  ] - {}
2022-08-08T11:17:49.204Z - [INFO   ] - Request Type: POST Path:/api/users/signup
2022-08-08T11:18:23.262Z - [INFO   ] - Request Type: POST Path:/api/users/login
2022-08-08T11:19:20.210Z - [INFO   ] - Request Type: GET Path:/api/users/get-cafe-details/1
2022-08-08T11:19:35.483Z - [INFO   ] - Request Type: GET Path:/api/users/get-cafe-details
2022-08-08T11:20:12.009Z - [INFO   ] - Request Type: GET Path:/api/users/get-food-items/1
2022-08-08T11:22:22.154Z - [INFO   ] - Request Type: GET Path:/api/users/get-food-category/
2022-08-08T11:23:22.908Z - [INFO   ] - Request Type: GET Path:/api/users/get-cafe-review/1
2022-08-08T11:23:52.974Z - [INFO   ] - Request Type: GET Path:/api/users/check-order-status/1
2022-08-08T11:29:10.261Z - [INFO   ] - Request Type: POST Path:/api/users/profile
2022-08-08T11:29:10.367Z - [ERROR  ] - insert into `user_customer_profile` (`city`, `first_name`, `last_name`, `profile_pic_image_id`, `user_customer_id`) values ('Bhainsa', 'Karuna', 'chinnola', 'sjjasxscxjkmvj', 2) - ER_NO_REFERENCED_ROW_2: Cannot add or update a child row: a foreign key constraint fails (`db-stag-v3`.`user_customer_profile`, CONSTRAINT `user_customer_profile_ibfk_1` FOREIGN KEY (`user_customer_id`) REFERENCES `user_customer` (`id`) ON DELETE NO ACTION ON UPDATE NO ACTION)
2022-08-08T11:29:32.758Z - [INFO   ] - Request Type: POST Path:/api/users/profile
2022-08-08T11:29:33.004Z - [ERROR  ] - insert into `user_customer_profile` (`city`, `first_name`, `last_name`, `profile_pic_image_id`, `user_customer_id`) values ('Bhainsa', 'Karuna', 'chinnola', 'sjjasxscxjkmvj', 1) - ER_NO_REFERENCED_ROW_2: Cannot add or update a child row: a foreign key constraint fails (`db-stag-v3`.`user_customer_profile`, CONSTRAINT `user_customer_profile_ibfk_1` FOREIGN KEY (`user_customer_id`) REFERENCES `user_customer` (`id`) ON DELETE NO ACTION ON UPDATE NO ACTION)
2022-08-08T11:29:40.429Z - [INFO   ] - Request Type: POST Path:/api/users/profile
2022-08-08T11:29:40.491Z - [ERROR  ] - insert into `user_customer_profile` (`city`, `first_name`, `last_name`, `profile_pic_image_id`, `user_customer_id`) values ('Bhainsa', 'Karuna', 'chinnola', 'sjjasxscxjkmvj', 1) - ER_NO_REFERENCED_ROW_2: Cannot add or update a child row: a foreign key constraint fails (`db-stag-v3`.`user_customer_profile`, CONSTRAINT `user_customer_profile_ibfk_1` FOREIGN KEY (`user_customer_id`) REFERENCES `user_customer` (`id`) ON DELETE NO ACTION ON UPDATE NO ACTION)
2022-08-08T11:29:51.747Z - [INFO   ] - Request Type: POST Path:/api/users/profile
2022-08-08T11:29:51.811Z - [ERROR  ] - insert into `user_customer_profile` (`city`, `first_name`, `last_name`, `profile_pic_image_id`, `user_customer_id`) values ('Bhainsa', 'Karuna', 'chinnola', 'sjjasxscxjkmvj', 1) - ER_NO_REFERENCED_ROW_2: Cannot add or update a child row: a foreign key constraint fails (`db-stag-v3`.`user_customer_profile`, CONSTRAINT `user_customer_profile_ibfk_1` FOREIGN KEY (`user_customer_id`) REFERENCES `user_customer` (`id`) ON DELETE NO ACTION ON UPDATE NO ACTION)
2022-08-08T11:33:41.223Z - [INFO   ] - Request Type: POST Path:/api/users/profile
2022-08-08T11:33:41.252Z - [ERROR  ] - user alreary exist in the database with same mobile number
2022-08-08T11:33:59.653Z - [INFO   ] - Request Type: POST Path:/api/users/profile
2022-08-08T11:33:59.716Z - [ERROR  ] - insert into `user_customer_profile` (`city`, `first_name`, `last_name`, `profile_pic_image_id`, `user_customer_id`) values ('Bhainsa', 'Karuna', 'chinnola', 'sjjasxscxjkmvj', 1) - ER_NO_REFERENCED_ROW_2: Cannot add or update a child row: a foreign key constraint fails (`db-stag-v3`.`user_customer_profile`, CONSTRAINT `user_customer_profile_ibfk_1` FOREIGN KEY (`user_customer_id`) REFERENCES `user_customer` (`id`) ON DELETE NO ACTION ON UPDATE NO ACTION)
2022-08-08T18:42:30.671Z - [INFO   ] - Request Type: GET Path:/api/users/search/restaurent/restaurent
2022-08-08T18:43:27.087Z - [INFO   ] - Request Type: GET Path:/api/users/search/restaurent/restaurent
2022-08-08T18:44:31.650Z - [INFO   ] - Request Type: GET Path:/api/users/search/restaurent/restaurent
2022-08-08T18:45:40.512Z - [INFO   ] - Request Type: GET Path:/api/users/search/restaurent/restaurent
2022-08-08T18:49:12.627Z - [INFO   ] - Request Type: GET Path:/api/users/search/Restaurant/govi
2022-08-08T18:50:09.391Z - [INFO   ] - Request Type: GET Path:/api/users/search/KISHMISH/govi
2022-08-08T18:51:13.901Z - [INFO   ] - Request Type: GET Path:/api/users/search/KISHMISH/aalu1
2022-08-08T18:51:52.344Z - [INFO   ] - Request Type: GET Path:/api/users/search/KISHMISH/aalu1
2022-08-08T19:00:43.024Z - [INFO   ] - Request Type: GET Path:/api/users/search/KISHMISH/aalu1
2022-08-08T19:00:43.031Z - [ERROR  ] - {}
2022-08-08T19:01:31.027Z - [INFO   ] - Request Type: GET Path:/api/users/search/KISHMISH/aalu1
2022-08-08T19:04:40.789Z - [INFO   ] - Request Type: GET Path:/api/users/search/%20KISHMISH/aalu1
2022-08-08T19:05:22.769Z - [INFO   ] - Request Type: GET Path:/api/users/search/KISHMISH/aalu1
2022-08-08T19:05:47.567Z - [INFO   ] - Request Type: GET Path:/api/users/search/KISHMISH/aalu1
2022-08-08T19:10:15.427Z - [INFO   ] - Request Type: GET Path:/api/users/search/KISHMISH/aalu1
2022-08-08T19:12:39.616Z - [INFO   ] - Request Type: GET Path:/api/users/search/KISHMISH/aalu1
2022-08-08T19:13:49.994Z - [INFO   ] - Request Type: GET Path:/api/users/search/KISHMISH/aalu1
2022-08-08T19:13:49.998Z - [ERROR  ] - {}
2022-08-08T19:14:10.423Z - [INFO   ] - Request Type: GET Path:/api/users/search/KISHMISH/aalu1
2022-08-09T03:10:30.155Z - [INFO   ] - Request Type: POST Path:/api/users/profile
2022-08-09T03:10:40.497Z - [ERROR  ] - {}
2022-08-09T03:11:27.286Z - [INFO   ] - Request Type: POST Path:/api/users/profile
2022-08-09T03:11:37.161Z - [ERROR  ] - insert into `user_customer` as `u_c` (`city`, `first_name`, `last_name`, `profile_pic_image_id`, `user_customer_id`) values ('vizak', 'revathi1', 'jakkas', '4', 3) - ER_PARSE_ERROR: You have an error in your SQL syntax; check the manual that corresponds to your MariaDB server version for the right syntax to use near 'as `u_c` (`city`, `first_name`, `last_name`, `profile_pic_image_id`, `user_cu...' at line 1
2022-08-09T03:14:10.477Z - [INFO   ] - Request Type: POST Path:/api/users/profile
2022-08-09T03:14:19.438Z - [ERROR  ] - insert into `user_customer` as `u_c` (`city`, `first_name`, `last_name`, `profile_pic_image_id`, `user_customer_id`) values ('vizak', 'revathi1', 'jakkas', '4', 3) - ER_PARSE_ERROR: You have an error in your SQL syntax; check the manual that corresponds to your MariaDB server version for the right syntax to use near 'as `u_c` (`city`, `first_name`, `last_name`, `profile_pic_image_id`, `user_cu...' at line 1
2022-08-09T03:18:30.468Z - [INFO   ] - Request Type: POST Path:/api/users/profile
2022-08-09T03:18:43.403Z - [ERROR  ] - insert into `user_customer` as `u_c` (`u_c_p`.`city`, `u_c_p`.`first_name`, `u_c_p`.`last_name`, `u_c_p`.`profile_pic_image_id`, `u_c_p`.`user_customer_id`) values ('vizak', 'revathi1', 'jakkas', '4', 3) - ER_PARSE_ERROR: You have an error in your SQL syntax; check the manual that corresponds to your MariaDB server version for the right syntax to use near 'as `u_c` (`u_c_p`.`city`, `u_c_p`.`first_name`, `u_c_p`.`last_name`, `u_c_p`....' at line 1
2022-08-09T05:20:11.075Z - [INFO   ] - Request Type: POST Path:/api/users/profile
2022-08-09T05:20:25.239Z - [ERROR  ] - insert into `user_customer` as `u_c` (`u_c`.`email`, `u_c_p`.`city`, `u_c_p`.`first_name`, `u_c_p`.`last_name`, `u_c_p`.`profile_pic_image_id`, `u_c_p`.`user_customer_id`) values ('revathi2@gmail.com', 'vizak', 'revathi1', 'jakkas', '4', 3) - ER_PARSE_ERROR: You have an error in your SQL syntax; check the manual that corresponds to your MariaDB server version for the right syntax to use near 'as `u_c` (`u_c`.`email`, `u_c_p`.`city`, `u_c_p`.`first_name`, `u_c_p`.`last_...' at line 1
2022-08-09T05:21:05.944Z - [INFO   ] - Request Type: POST Path:/api/users/profile
2022-08-09T05:21:15.881Z - [ERROR  ] - insert into `user_customer` as `u_c` (`u_c_p`.`city`, `u_c_p`.`first_name`, `u_c_p`.`last_name`, `u_c_p`.`profile_pic_image_id`, `u_c_p`.`user_customer_id`) values ('vizak', 'revathi1', 'jakkas', '4', 3) - ER_PARSE_ERROR: You have an error in your SQL syntax; check the manual that corresponds to your MariaDB server version for the right syntax to use near 'as `u_c` (`u_c_p`.`city`, `u_c_p`.`first_name`, `u_c_p`.`last_name`, `u_c_p`....' at line 1
2022-08-09T05:39:20.845Z - [INFO   ] - Request Type: POST Path:/api/users/profile
2022-08-09T06:04:20.705Z - [INFO   ] - Request Type: POST Path:/api/users/profile
2022-08-09T06:04:32.212Z - [ERROR  ] - insert into `user_customer` (`email`, `mobile_number`) values ('revathi21@gmail.com', '6305018761') - ER_NO_DEFAULT_FOR_FIELD: Field 'user_role_id' doesn't have a default value
2022-08-09T06:04:32.352Z - [ERROR  ] - Cannot set headers after they are sent to the client
2022-08-09T06:06:57.045Z - [INFO   ] - Request Type: POST Path:/api/users/profile
2022-08-09T06:07:56.617Z - [INFO   ] - Request Type: POST Path:/api/users/profile
2022-08-09T06:10:13.347Z - [INFO   ] - Request Type: POST Path:/api/users/profile
2022-08-09T06:12:15.924Z - [INFO   ] - Request Type: POST Path:/api/users/profile
2022-08-09T06:34:24.498Z - [INFO   ] - Request Type: POST Path:/api/users/profile
2022-08-09T06:34:24.980Z - [ERROR  ] - insert into `user_customer_profile` (`city`, `first_name`, `last_name`, `profile_pic_image_id`, `user_customer_id`) values ('Haryana', 'karishma', 'ahirval', 'jkhjscjhk', 2) - ER_NO_REFERENCED_ROW_2: Cannot add or update a child row: a foreign key constraint fails (`db-stag-v3`.`user_customer_profile`, CONSTRAINT `user_customer_profile_ibfk_1` FOREIGN KEY (`user_customer_id`) REFERENCES `user_customer` (`id`) ON DELETE NO ACTION ON UPDATE NO ACTION)
2022-08-09T06:34:41.977Z - [INFO   ] - Request Type: POST Path:/api/users/profile
2022-08-09T06:34:42.158Z - [ERROR  ] - insert into `user_customer_profile` (`city`, `first_name`, `last_name`, `profile_pic_image_id`, `user_customer_id`) values ('Haryana', 'karishma', 'ahirval', 'jkhjscjhk', 1) - ER_NO_REFERENCED_ROW_2: Cannot add or update a child row: a foreign key constraint fails (`db-stag-v3`.`user_customer_profile`, CONSTRAINT `user_customer_profile_ibfk_1` FOREIGN KEY (`user_customer_id`) REFERENCES `user_customer` (`id`) ON DELETE NO ACTION ON UPDATE NO ACTION)
2022-08-09T06:34:49.912Z - [INFO   ] - Request Type: POST Path:/api/users/profile
2022-08-09T06:34:50.470Z - [ERROR  ] - insert into `user_customer_profile` (`city`, `first_name`, `last_name`, `profile_pic_image_id`, `user_customer_id`) values ('Haryana', 'karishma', 'ahirval', 'jkhjscjhk', 1) - ER_NO_REFERENCED_ROW_2: Cannot add or update a child row: a foreign key constraint fails (`db-stag-v3`.`user_customer_profile`, CONSTRAINT `user_customer_profile_ibfk_1` FOREIGN KEY (`user_customer_id`) REFERENCES `user_customer` (`id`) ON DELETE NO ACTION ON UPDATE NO ACTION)
2022-08-09T06:35:46.917Z - [INFO   ] - Request Type: POST Path:/api/users/profile
2022-08-09T07:03:00.588Z - [INFO   ] - Request Type: GET Path:/api/users/profile
2022-08-09T07:03:17.534Z - [INFO   ] - Request Type: POST Path:/api/users/profile
2022-08-10T06:55:31.753Z - [INFO   ] - Request Type: POST Path:/api/users/place-order/
2022-08-12T04:46:49.208Z - [INFO   ] - Request Type: POST Path:/api/users/profile/practice
2022-08-12T04:46:58.075Z - [ERROR  ] - {}
2022-08-12T04:52:02.257Z - [INFO   ] - Request Type: POST Path:/api/users/profile/practice
2022-08-12T05:08:22.566Z - [INFO   ] - Request Type: POST Path:/api/users/profile/practice
2022-08-12T05:08:35.113Z - [ERROR  ] - {}
2022-08-12T05:12:53.867Z - [INFO   ] - Request Type: POST Path:/api/users/profile/practice
2022-08-12T05:13:03.987Z - [ERROR  ] - {}
2022-08-12T05:15:21.846Z - [INFO   ] - Request Type: POST Path:/api/users/profile/practice
2022-08-12T05:26:33.375Z - [INFO   ] - Request Type: POST Path:/api/users/profile/practice
2022-08-12T05:29:14.666Z - [INFO   ] - Request Type: POST Path:/api/users/profile
2022-08-12T11:38:33.995Z - [ERROR  ] - {}
2022-08-12T12:11:39.099Z - [INFO   ] - Request Type: POST Path:/api/users/profile
2022-08-12T12:11:39.354Z - [ERROR  ] - {}
2022-08-12T12:25:04.370Z - [INFO   ] - Request Type: POST Path:/api/users/profile
2022-08-12T12:25:04.374Z - [ERROR  ] - {}
2022-08-12T12:26:03.999Z - [INFO   ] - Request Type: POST Path:/api/users/profile
2022-08-12T12:26:15.853Z - [ERROR  ] - {}
2022-08-12T12:27:06.514Z - [INFO   ] - Request Type: POST Path:/api/users/profile
2022-08-12T12:27:06.602Z - [ERROR  ] - {}
2022-08-12T12:27:15.710Z - [INFO   ] - Request Type: POST Path:/api/users/profile
2022-08-12T12:58:11.923Z - [INFO   ] - Request Type: POST Path:/api/users/profile
2022-08-12T12:59:17.617Z - [INFO   ] - Request Type: POST Path:/api/users/profile
2022-08-12T13:00:53.650Z - [INFO   ] - Request Type: POST Path:/api/users/profile
2022-08-12T13:00:53.655Z - [ERROR  ] - {}
2022-08-12T13:01:21.545Z - [INFO   ] - Request Type: POST Path:/api/users/profile
